<?xml version="1.0" encoding="UTF-8"?>
<con:testCase id="b4ff0f3d-76d1-411b-bbc5-6812767f787b" discardOkResults="false" failOnError="false" failTestCaseOnErrors="true" keepSession="false" name="Test Case 1" searchProperties="true" timeout="0" xmlns:con="http://eviware.com/soapui/config">
  <con:settings>
    <con:setting id="b4ff0f3d-76d1-411b-bbc5-6812767f787bfileName">Test-Case-1</con:setting>
  </con:settings>
  <con:savedRecentRuns>1</con:savedRecentRuns>
  <con:testStep type="restrequest" name="Pcmcat1490883537075 - Request 1" id="af36e659-0555-4afa-8c42-12fe69cb1a17">
    <con:settings/>
    <con:config service="https://www.bestbuy.com" resourcePath="/apeplanet/v1/select/pcmcat1490883537075" methodName="Pcmcat1490883537075" xsi:type="con:RestRequestStep" xmlns:xsi="http://www.w3.org/2001/XMLSchema-instance">
      <con:restRequest name="Pcmcat1490883537075 - Request 1" id="8ac0a7d8-7ed6-4ab9-b896-adb3f97098ea" mediaType="application/json">
        <con:settings>
          <con:setting id="com.eviware.soapui.impl.wsdl.WsdlRequest@request-headers"><![CDATA[<xml-fragment xmlns:con="http://eviware.com/soapui/config">
  <con:entry key="Accept-Charset" value="ISO-8859-1,utf-8;q=0.7,*;q=0.7"/>
  <con:entry key="Accept" value="*/*"/>
  <con:entry key="X-CLIENT-ID" value="BROWSE"/>
  <con:entry key="User-Agent" value="Mozilla/5.0 (Windows NT 10.0; Win64; x64) AppleWebKit/609.1 (KHTML, like Gecko) JavaFX/15 Safari/609.1"/>
  <con:entry key="Referer" value="https://www.bestbuy.com/"/>
  <con:entry key="Accept-Encoding" value="gzip"/>
  <con:entry key="Accept-Language" value="en-us;q=0.8,en;q=0.7"/>
</xml-fragment>]]></con:setting>
        </con:settings>
        <con:endpoint>https://www.bestbuy.com</con:endpoint>
        <con:request/>
        <con:originalUri>https://www.bestbuy.com/apeplanet/v1/select/pcmcat1490883537075</con:originalUri>
        <con:credentials>
          <con:selectedAuthProfile>No Authorization</con:selectedAuthProfile>
          <con:authType>No Authorization</con:authType>
        </con:credentials>
        <con:parameters>
          <con:entry key="numberOfActionsToPlay" value="3"/>
          <con:entry key="X-CLIENT-ID" value="BROWSE"/>
          <con:entry key="deviceClass" value="l"/>
          <con:entry key="dma" value="506"/>
          <con:entry key="tierCode" value="%20"/>
          <con:entry key="userAgent" value="Mozilla/5.0 (Windows NT 10.0; Win64; x64) AppleWebKit/609.1 (KHTML, like Gecko) JavaFX/15 Safari/609.1"/>
          <con:entry key="vt" value="da5335c4-76d5-11eb-a5e0-0a2e8ef7818b"/>
        </con:parameters>
        <con:parameterOrder>
          <con:entry>deviceClass</con:entry>
          <con:entry>vt</con:entry>
          <con:entry>dma</con:entry>
          <con:entry>tierCode</con:entry>
          <con:entry>userAgent</con:entry>
          <con:entry>numberOfActionsToPlay</con:entry>
          <con:entry>X-CLIENT-ID</con:entry>
        </con:parameterOrder>
      </con:restRequest>
    </con:config>
  </con:testStep>
  <con:testStep type="restrequest" name="857b091a-7b26-4e3a-90db-363cc03e80c8 - Request 1" id="098508b5-68a3-41db-89f4-26f9b787b3d9">
    <con:settings/>
    <con:config service="https://www.bestbuy.com" resourcePath="/browse-api/1.0/pageConfiguration/bbypres/pcmcat1490883537075/857b091a-7b26-4e3a-90db-363cc03e80c8" methodName="857b091a-7b26-4e3a-90db-363cc03e80c8" xsi:type="con:RestRequestStep" xmlns:xsi="http://www.w3.org/2001/XMLSchema-instance">
      <con:restRequest name="857b091a-7b26-4e3a-90db-363cc03e80c8 - Request 1" id="8f2870a5-dac2-4ac6-b063-b77db16a25e7" mediaType="application/json">
        <con:settings>
          <con:setting id="com.eviware.soapui.impl.wsdl.WsdlRequest@request-headers"><![CDATA[<xml-fragment xmlns:con="http://eviware.com/soapui/config">
  <con:entry key="x-request-id" value="widget-dds"/>
  <con:entry key="Accept-Charset" value="ISO-8859-1,utf-8;q=0.7,*;q=0.7"/>
  <con:entry key="Accept" value="*/*"/>
  <con:entry key="User-Agent" value="Mozilla/5.0 (Windows NT 10.0; Win64; x64) AppleWebKit/609.1 (KHTML, like Gecko) JavaFX/15 Safari/609.1"/>
  <con:entry key="Referer" value="https://www.bestbuy.com/"/>
  <con:entry key="Accept-Encoding" value="gzip"/>
  <con:entry key="Accept-Language" value="en-us;q=0.8,en;q=0.7"/>
</xml-fragment>]]></con:setting>
        </con:settings>
        <con:endpoint>https://www.bestbuy.com</con:endpoint>
        <con:request/>
        <con:originalUri>https://www.bestbuy.com/browse-api/1.0/pageConfiguration/bbypres/pcmcat1490883537075/857b091a-7b26-4e3a-90db-363cc03e80c8</con:originalUri>
        <con:credentials>
          <con:selectedAuthProfile>No Authorization</con:selectedAuthProfile>
          <con:authType>No Authorization</con:authType>
        </con:credentials>
        <con:parameters>
          <con:entry key="x-request-id" value="widget-dds"/>
        </con:parameters>
        <con:parameterOrder>
          <con:entry>x-request-id</con:entry>
        </con:parameterOrder>
      </con:restRequest>
    </con:config>
  </con:testStep>
  <con:testStep type="restrequest" name="76dc0c33-250f-45f8-8a10-0fd96ca0c4f4 - Request 1" id="c230de61-2680-4f37-b058-01a9bb96a416">
    <con:settings/>
    <con:config service="https://www.bestbuy.com" resourcePath="/browse-api/1.0/pageConfiguration/bbypres/pcmcat1490883537075/76dc0c33-250f-45f8-8a10-0fd96ca0c4f4" methodName="76dc0c33-250f-45f8-8a10-0fd96ca0c4f4" xsi:type="con:RestRequestStep" xmlns:xsi="http://www.w3.org/2001/XMLSchema-instance">
      <con:restRequest name="76dc0c33-250f-45f8-8a10-0fd96ca0c4f4 - Request 1" id="4c9c9637-f8a8-44d0-8779-bac4acf4a459" mediaType="application/json">
        <con:settings>
          <con:setting id="com.eviware.soapui.impl.wsdl.WsdlRequest@request-headers"><![CDATA[<xml-fragment xmlns:con="http://eviware.com/soapui/config">
  <con:entry key="x-request-id" value="widget-dds"/>
  <con:entry key="Accept-Charset" value="ISO-8859-1,utf-8;q=0.7,*;q=0.7"/>
  <con:entry key="Accept" value="*/*"/>
  <con:entry key="User-Agent" value="Mozilla/5.0 (Windows NT 10.0; Win64; x64) AppleWebKit/609.1 (KHTML, like Gecko) JavaFX/15 Safari/609.1"/>
  <con:entry key="Referer" value="https://www.bestbuy.com/"/>
  <con:entry key="Accept-Encoding" value="gzip"/>
  <con:entry key="Accept-Language" value="en-us;q=0.8,en;q=0.7"/>
</xml-fragment>]]></con:setting>
        </con:settings>
        <con:endpoint>https://www.bestbuy.com</con:endpoint>
        <con:request/>
        <con:originalUri>https://www.bestbuy.com/browse-api/1.0/pageConfiguration/bbypres/pcmcat1490883537075/76dc0c33-250f-45f8-8a10-0fd96ca0c4f4</con:originalUri>
        <con:credentials>
          <con:selectedAuthProfile>No Authorization</con:selectedAuthProfile>
          <con:authType>No Authorization</con:authType>
        </con:credentials>
        <con:parameters>
          <con:entry key="x-request-id" value="widget-dds"/>
        </con:parameters>
        <con:parameterOrder>
          <con:entry>x-request-id</con:entry>
        </con:parameterOrder>
      </con:restRequest>
    </con:config>
  </con:testStep>
  <con:testStep type="restrequest" name="D48655e6-b44a-4129-af91-8600eddd40e7 - Request 1" id="1d48f8e0-3088-43c7-bc46-8b8ddc159411">
    <con:settings/>
    <con:config service="https://www.bestbuy.com" resourcePath="/browse-api/1.0/pageConfiguration/bbypres/pcmcat1490883537075/d48655e6-b44a-4129-af91-8600eddd40e7" methodName="D48655e6-b44a-4129-af91-8600eddd40e7" xsi:type="con:RestRequestStep" xmlns:xsi="http://www.w3.org/2001/XMLSchema-instance">
      <con:restRequest name="D48655e6-b44a-4129-af91-8600eddd40e7 - Request 1" id="e138afe5-7a5c-4c64-b6c4-ec7692537332" mediaType="application/json">
        <con:settings>
          <con:setting id="com.eviware.soapui.impl.wsdl.WsdlRequest@request-headers"><![CDATA[<xml-fragment xmlns:con="http://eviware.com/soapui/config">
  <con:entry key="x-request-id" value="widget-dds"/>
  <con:entry key="Accept-Charset" value="ISO-8859-1,utf-8;q=0.7,*;q=0.7"/>
  <con:entry key="Accept" value="*/*"/>
  <con:entry key="User-Agent" value="Mozilla/5.0 (Windows NT 10.0; Win64; x64) AppleWebKit/609.1 (KHTML, like Gecko) JavaFX/15 Safari/609.1"/>
  <con:entry key="Referer" value="https://www.bestbuy.com/"/>
  <con:entry key="Accept-Encoding" value="gzip"/>
  <con:entry key="Accept-Language" value="en-us;q=0.8,en;q=0.7"/>
</xml-fragment>]]></con:setting>
        </con:settings>
        <con:endpoint>https://www.bestbuy.com</con:endpoint>
        <con:request/>
        <con:originalUri>https://www.bestbuy.com/browse-api/1.0/pageConfiguration/bbypres/pcmcat1490883537075/d48655e6-b44a-4129-af91-8600eddd40e7</con:originalUri>
        <con:credentials>
          <con:selectedAuthProfile>No Authorization</con:selectedAuthProfile>
          <con:authType>No Authorization</con:authType>
        </con:credentials>
        <con:parameters>
          <con:entry key="x-request-id" value="widget-dds"/>
        </con:parameters>
        <con:parameterOrder>
          <con:entry>x-request-id</con:entry>
        </con:parameterOrder>
      </con:restRequest>
    </con:config>
  </con:testStep>
  <con:testStep type="restrequest" name="List - Request 1" id="cfa49a19-0ec1-4485-99bf-2f10d0e48901">
    <con:settings/>
    <con:config service="https://context.bestbuy.com" resourcePath="/api/recommendations/list" methodName="List" xsi:type="con:RestRequestStep" xmlns:xsi="http://www.w3.org/2001/XMLSchema-instance">
      <con:restRequest name="List - Request 1" id="5472c8de-a0aa-4317-b862-efaf8ca088db" mediaType="application/json">
        <con:settings>
          <con:setting id="com.eviware.soapui.impl.wsdl.WsdlRequest@request-headers"><![CDATA[<xml-fragment xmlns:con="http://eviware.com/soapui/config">
  <con:entry key="Origin" value="https://www.bestbuy.com"/>
  <con:entry key="Accept-Charset" value="ISO-8859-1,utf-8;q=0.7,*;q=0.7"/>
  <con:entry key="Accept" value="*/*"/>
  <con:entry key="User-Agent" value="Mozilla/5.0 (Windows NT 10.0; Win64; x64) AppleWebKit/609.1 (KHTML, like Gecko) JavaFX/15 Safari/609.1"/>
  <con:entry key="Referer" value="https://www.bestbuy.com/"/>
  <con:entry key="Accept-Encoding" value="gzip"/>
  <con:entry key="Accept-Language" value="en-us;q=0.8,en;q=0.7"/>
</xml-fragment>]]></con:setting>
        </con:settings>
        <con:endpoint>https://context.bestbuy.com</con:endpoint>
        <con:request/>
        <con:originalUri>https://context.bestbuy.com/api/recommendations/list</con:originalUri>
        <con:credentials>
          <con:selectedAuthProfile>No Authorization</con:selectedAuthProfile>
          <con:authType>No Authorization</con:authType>
        </con:credentials>
        <con:parameters>
          <con:entry key="Origin" value="https://www.bestbuy.com"/>
          <con:entry key="apiKey" value="D50"/>
          <con:entry key="src" value="dotcom-l"/>
          <con:entry key="plmt" value="ghp"/>
          <con:entry key="pageSize" value="15"/>
          <con:entry key="vt" value="da5335c4-76d5-11eb-a5e0-0a2e8ef7818b"/>
          <con:entry key="subplmt" value="be0c78f8-cc60-4414-aa27-058521107900,d9d7d91c-c21b-4c95-8c9e-f0e12ee83dd4,d171e20a-d558-45be-b744-ee60bddfbc2d"/>
        </con:parameters>
        <con:parameterOrder>
          <con:entry>src</con:entry>
          <con:entry>plmt</con:entry>
          <con:entry>apiKey</con:entry>
          <con:entry>pageSize</con:entry>
          <con:entry>vt</con:entry>
          <con:entry>subplmt</con:entry>
          <con:entry>Origin</con:entry>
        </con:parameterOrder>
      </con:restRequest>
    </con:config>
  </con:testStep>
  <con:testStep type="restrequest" name="Hooklogic - Request 1" id="cceab36d-637f-42a3-b1e9-6fc4910d66f0">
    <con:settings/>
    <con:config service="https://www.bestbuy.com" resourcePath="/api/1.0/carousel/hooklogic" methodName="Hooklogic" xsi:type="con:RestRequestStep" xmlns:xsi="http://www.w3.org/2001/XMLSchema-instance">
      <con:restRequest name="Hooklogic - Request 1" id="ee8f5f2a-edf7-4bb2-813b-cc0e7e878c4c" mediaType="application/json">
        <con:settings>
          <con:setting id="com.eviware.soapui.impl.wsdl.WsdlRequest@request-headers"><![CDATA[<xml-fragment xmlns:con="http://eviware.com/soapui/config">
  <con:entry key="Accept-Charset" value="ISO-8859-1,utf-8;q=0.7,*;q=0.7"/>
  <con:entry key="Accept" value="*/*"/>
  <con:entry key="User-Agent" value="Mozilla/5.0 (Windows NT 10.0; Win64; x64) AppleWebKit/609.1 (KHTML, like Gecko) JavaFX/15 Safari/609.1"/>
  <con:entry key="Referer" value="https://www.bestbuy.com/"/>
  <con:entry key="Accept-Encoding" value="gzip"/>
  <con:entry key="Accept-Language" value="en-us;q=0.8,en;q=0.7"/>
</xml-fragment>]]></con:setting>
        </con:settings>
        <con:endpoint>https://www.bestbuy.com</con:endpoint>
        <con:request/>
        <con:originalUri>https://www.bestbuy.com/api/1.0/carousel/hooklogic</con:originalUri>
        <con:credentials>
          <con:selectedAuthProfile>No Authorization</con:selectedAuthProfile>
          <con:authType>No Authorization</con:authType>
        </con:credentials>
        <con:parameters>
          <con:entry key="count" value="15"/>
        </con:parameters>
        <con:parameterOrder>
          <con:entry>count</con:entry>
        </con:parameterOrder>
      </con:restRequest>
    </con:config>
  </con:testStep>
  <con:testStep type="restrequest" name="RECENTLY_VIEWED - Request 1" id="a345d370-9a5f-482b-9e8c-839e7cdfb013">
    <con:settings/>
    <con:config service="https://www.bestbuy.com" resourcePath="/streams/v3/RECENTLY_VIEWED" methodName="RECENTLY_VIEWED" xsi:type="con:RestRequestStep" xmlns:xsi="http://www.w3.org/2001/XMLSchema-instance">
      <con:restRequest name="RECENTLY_VIEWED - Request 1" id="9f58ae72-95bd-4137-af99-6e9dc4ac01cf" mediaType="application/json">
        <con:settings>
          <con:setting id="com.eviware.soapui.impl.wsdl.WsdlRequest@request-headers"><![CDATA[<xml-fragment xmlns:con="http://eviware.com/soapui/config">
  <con:entry key="Accept-Charset" value="ISO-8859-1,utf-8;q=0.7,*;q=0.7"/>
  <con:entry key="Accept" value="application/json"/>
  <con:entry key="X-CLIENT-ID" value="recently-viewed-ghp"/>
  <con:entry key="User-Agent" value="Mozilla/5.0 (Windows NT 10.0; Win64; x64) AppleWebKit/609.1 (KHTML, like Gecko) JavaFX/15 Safari/609.1"/>
  <con:entry key="Referer" value="https://www.bestbuy.com/"/>
  <con:entry key="Accept-Encoding" value="gzip"/>
  <con:entry key="Accept-Language" value="en-us;q=0.8,en;q=0.7"/>
</xml-fragment>]]></con:setting>
        </con:settings>
        <con:endpoint>https://www.bestbuy.com</con:endpoint>
        <con:request/>
        <con:originalUri>https://www.bestbuy.com/streams/v3/RECENTLY_VIEWED</con:originalUri>
        <con:credentials>
          <con:selectedAuthProfile>No Authorization</con:selectedAuthProfile>
          <con:authType>No Authorization</con:authType>
        </con:credentials>
        <con:parameters>
          <con:entry key="limit" value="30"/>
          <con:entry key="X-CLIENT-ID" value="recently-viewed-ghp"/>
        </con:parameters>
        <con:parameterOrder>
          <con:entry>limit</con:entry>
          <con:entry>X-CLIENT-ID</con:entry>
        </con:parameterOrder>
      </con:restRequest>
    </con:config>
  </con:testStep>
  <con:testStep type="restrequest" name="BasketCount - Request 1" id="075f3440-74cf-4831-9b25-872121935dd8">
    <con:settings/>
    <con:config service="https://www.bestbuy.com" resourcePath="/basket/v1/basketCount" methodName="BasketCount" xsi:type="con:RestRequestStep" xmlns:xsi="http://www.w3.org/2001/XMLSchema-instance">
      <con:restRequest name="BasketCount - Request 1" id="805a35d8-588a-4b18-9d7c-9613e4ab961b" mediaType="application/json">
        <con:settings>
          <con:setting id="com.eviware.soapui.impl.wsdl.WsdlRequest@request-headers"><![CDATA[<xml-fragment xmlns:con="http://eviware.com/soapui/config">
  <con:entry key="Accept-Charset" value="ISO-8859-1,utf-8;q=0.7,*;q=0.7"/>
  <con:entry key="Accept" value="*/*"/>
  <con:entry key="X-CLIENT-ID" value="browse"/>
  <con:entry key="User-Agent" value="Mozilla/5.0 (Windows NT 10.0; Win64; x64) AppleWebKit/609.1 (KHTML, like Gecko) JavaFX/15 Safari/609.1"/>
  <con:entry key="Referer" value="https://www.bestbuy.com/"/>
  <con:entry key="X-REQUEST-ID" value="global-header-cart-count"/>
  <con:entry key="Accept-Encoding" value="gzip"/>
  <con:entry key="Accept-Language" value="en-us;q=0.8,en;q=0.7"/>
</xml-fragment>]]></con:setting>
        </con:settings>
        <con:endpoint>https://www.bestbuy.com</con:endpoint>
        <con:request/>
        <con:originalUri>https://www.bestbuy.com/basket/v1/basketCount</con:originalUri>
        <con:credentials>
          <con:selectedAuthProfile>No Authorization</con:selectedAuthProfile>
          <con:authType>No Authorization</con:authType>
        </con:credentials>
        <con:parameters>
          <con:entry key="X-CLIENT-ID" value="browse"/>
          <con:entry key="X-REQUEST-ID" value="global-header-cart-count"/>
        </con:parameters>
        <con:parameterOrder>
          <con:entry>X-CLIENT-ID</con:entry>
          <con:entry>X-REQUEST-ID</con:entry>
        </con:parameterOrder>
      </con:restRequest>
    </con:config>
  </con:testStep>
  <con:testStep type="restrequest" name="Model.json - Request 1" id="1560c7b2-dca2-485f-9eaf-315804e9ae0f">
    <con:settings/>
    <con:config service="https://www.bestbuy.com" resourcePath="/api/tcfb/model.json" methodName="Model.json" xsi:type="con:RestRequestStep" xmlns:xsi="http://www.w3.org/2001/XMLSchema-instance">
      <con:restRequest name="Model.json - Request 1" id="0679b247-6eac-4795-87b9-11129a2c768c" mediaType="application/json">
        <con:settings>
          <con:setting id="com.eviware.soapui.impl.wsdl.WsdlRequest@request-headers"><![CDATA[<xml-fragment xmlns:con="http://eviware.com/soapui/config">
  <con:entry key="Accept-Charset" value="ISO-8859-1,utf-8;q=0.7,*;q=0.7"/>
  <con:entry key="Accept" value="*/*"/>
  <con:entry key="User-Agent" value="Mozilla/5.0 (Windows NT 10.0; Win64; x64) AppleWebKit/609.1 (KHTML, like Gecko) JavaFX/15 Safari/609.1"/>
  <con:entry key="Referer" value="https://www.bestbuy.com/"/>
  <con:entry key="Accept-Encoding" value="gzip"/>
  <con:entry key="Accept-Language" value="en-us;q=0.8,en;q=0.7"/>
</xml-fragment>]]></con:setting>
        </con:settings>
        <con:endpoint>https://www.bestbuy.com</con:endpoint>
        <con:request/>
        <con:originalUri>https://www.bestbuy.com/api/tcfb/model.json</con:originalUri>
        <con:credentials>
          <con:selectedAuthProfile>No Authorization</con:selectedAuthProfile>
          <con:authType>No Authorization</con:authType>
        </con:credentials>
        <con:parameters>
          <con:entry key="method" value="get"/>
          <con:entry key="paths" value="[[&quot;shop&quot;,&quot;scds&quot;,&quot;v2&quot;,&quot;page&quot;,&quot;tenants&quot;,&quot;bbypres&quot;,&quot;pages&quot;,&quot;stips_container&quot;]]"/>
        </con:parameters>
        <con:parameterOrder>
          <con:entry>paths</con:entry>
          <con:entry>method</con:entry>
        </con:parameterOrder>
      </con:restRequest>
    </con:config>
  </con:testStep>
  <con:testStep type="restrequest" name="Sodar - Request 1" id="cc8f62b0-4ccc-43c5-81fd-d99e8114cb44">
    <con:settings/>
    <con:config service="https://pagead2.googlesyndication.com" resourcePath="/getconfig/sodar" methodName="Sodar" xsi:type="con:RestRequestStep" xmlns:xsi="http://www.w3.org/2001/XMLSchema-instance">
      <con:restRequest name="Sodar - Request 1" id="e069a70f-2273-406e-bb2e-6822cbf5146d" mediaType="application/json">
        <con:settings>
          <con:setting id="com.eviware.soapui.impl.wsdl.WsdlRequest@request-headers"><![CDATA[<xml-fragment xmlns:con="http://eviware.com/soapui/config">
  <con:entry key="Origin" value="https://www.bestbuy.com"/>
  <con:entry key="Accept-Charset" value="ISO-8859-1,utf-8;q=0.7,*;q=0.7"/>
  <con:entry key="Accept" value="*/*"/>
  <con:entry key="User-Agent" value="Mozilla/5.0 (Windows NT 10.0; Win64; x64) AppleWebKit/609.1 (KHTML, like Gecko) JavaFX/15 Safari/609.1"/>
  <con:entry key="Referer" value="https://www.bestbuy.com/"/>
  <con:entry key="Accept-Encoding" value="gzip"/>
  <con:entry key="Accept-Language" value="en-us;q=0.8,en;q=0.7"/>
</xml-fragment>]]></con:setting>
        </con:settings>
        <con:endpoint>https://pagead2.googlesyndication.com</con:endpoint>
        <con:request/>
        <con:originalUri>https://pagead2.googlesyndication.com/getconfig/sodar</con:originalUri>
        <con:credentials>
          <con:selectedAuthProfile>No Authorization</con:selectedAuthProfile>
          <con:authType>No Authorization</con:authType>
        </con:credentials>
        <con:parameters>
          <con:entry key="Origin" value="https://www.bestbuy.com"/>
          <con:entry key="st" value="env"/>
          <con:entry key="tv" value="2021021801"/>
          <con:entry key="sv" value="200"/>
          <con:entry key="tid" value="gpt"/>
        </con:parameters>
        <con:parameterOrder>
          <con:entry>sv</con:entry>
          <con:entry>tid</con:entry>
          <con:entry>tv</con:entry>
          <con:entry>st</con:entry>
          <con:entry>Origin</con:entry>
        </con:parameterOrder>
      </con:restRequest>
    </con:config>
  </con:testStep>
  <con:testStep type="restrequest" name="Rd - Request 1" id="dabbd142-5d5f-4a52-819d-fbcbf32f3937">
    <con:settings/>
    <con:config service="https://dpm.demdex.net" resourcePath="/id/rd" methodName="Rd" xsi:type="con:RestRequestStep" xmlns:xsi="http://www.w3.org/2001/XMLSchema-instance">
      <con:restRequest name="Rd - Request 1" id="a8fcfbed-9343-4328-b55e-072ea47ccf90" mediaType="application/x-www-form-urlencoded">
        <con:settings>
          <con:setting id="com.eviware.soapui.impl.wsdl.WsdlRequest@request-headers"><![CDATA[<xml-fragment xmlns:con="http://eviware.com/soapui/config">
  <con:entry key="Origin" value="https://www.bestbuy.com"/>
  <con:entry key="Accept-Charset" value="ISO-8859-1,utf-8;q=0.7,*;q=0.7"/>
  <con:entry key="Accept" value="*/*"/>
  <con:entry key="User-Agent" value="Mozilla/5.0 (Windows NT 10.0; Win64; x64) AppleWebKit/609.1 (KHTML, like Gecko) JavaFX/15 Safari/609.1"/>
  <con:entry key="Referer" value="https://www.bestbuy.com/"/>
  <con:entry key="Accept-Encoding" value="gzip"/>
  <con:entry key="Accept-Language" value="en-us;q=0.8,en;q=0.7"/>
  <con:entry key="Content-Type" value="application/x-www-form-urlencoded"/>
</xml-fragment>]]></con:setting>
        </con:settings>
        <con:endpoint>https://dpm.demdex.net</con:endpoint>
        <con:request/>
        <con:originalUri>https://dpm.demdex.net/id/rd</con:originalUri>
        <con:credentials>
          <con:selectedAuthProfile>No Authorization</con:selectedAuthProfile>
          <con:authType>No Authorization</con:authType>
        </con:credentials>
        <con:parameters>
          <con:entry key="d_visid_ver" value="4.4.0"/>
          <con:entry key="Origin" value="https://www.bestbuy.com"/>
          <con:entry key="d_verify" value="1"/>
          <con:entry key="d_fieldgroup" value="MC"/>
          <con:entry key="d_ver" value="2"/>
          <con:entry key="d_nsid" value="0"/>
          <con:entry key="d_orgid" value="F6301253512D2BDB0A490D45@AdobeOrg"/>
          <con:entry key="d_rtbd" value="json"/>
          <con:entry key="ts" value="1614194652339"/>
        </con:parameters>
        <con:parameterOrder>
          <con:entry>d_visid_ver</con:entry>
          <con:entry>d_fieldgroup</con:entry>
          <con:entry>d_rtbd</con:entry>
          <con:entry>d_ver</con:entry>
          <con:entry>d_verify</con:entry>
          <con:entry>d_orgid</con:entry>
          <con:entry>d_nsid</con:entry>
          <con:entry>ts</con:entry>
          <con:entry>Origin</con:entry>
        </con:parameterOrder>
      </con:restRequest>
    </con:config>
  </con:testStep>
  <con:testStep type="restrequest" name="Model.json - Request 2" id="d98da740-bde1-4651-a767-9c783343532a">
    <con:settings/>
    <con:config service="https://www.bestbuy.com" resourcePath="/api/tcfb/model.json" methodName="Model.json" xsi:type="con:RestRequestStep" xmlns:xsi="http://www.w3.org/2001/XMLSchema-instance">
      <con:restRequest name="Model.json - Request 2" id="49e34308-2f26-4460-8ee1-e7cf4e770ab2" mediaType="application/json">
        <con:settings>
          <con:setting id="com.eviware.soapui.impl.wsdl.WsdlRequest@request-headers"><![CDATA[<xml-fragment xmlns:con="http://eviware.com/soapui/config">
  <con:entry key="Accept-Charset" value="ISO-8859-1,utf-8;q=0.7,*;q=0.7"/>
  <con:entry key="Accept" value="*/*"/>
  <con:entry key="User-Agent" value="Mozilla/5.0 (Windows NT 10.0; Win64; x64) AppleWebKit/609.1 (KHTML, like Gecko) JavaFX/15 Safari/609.1"/>
  <con:entry key="Referer" value="https://www.bestbuy.com/"/>
  <con:entry key="Accept-Encoding" value="gzip"/>
  <con:entry key="Accept-Language" value="en-us;q=0.8,en;q=0.7"/>
</xml-fragment>]]></con:setting>
        </con:settings>
        <con:endpoint>https://www.bestbuy.com</con:endpoint>
        <con:request/>
        <con:originalUri>https://www.bestbuy.com/api/tcfb/model.json</con:originalUri>
        <con:credentials>
          <con:selectedAuthProfile>No Authorization</con:selectedAuthProfile>
          <con:authType>No Authorization</con:authType>
        </con:credentials>
        <con:parameters>
          <con:entry key="method" value="get"/>
          <con:entry key="paths" value="[[&quot;shop&quot;,&quot;calligator&quot;,&quot;v1&quot;,&quot;flattened&quot;,&quot;hierarchy&quot;,&quot;categoryIds&quot;,&quot;cat00000&quot;,&quot;broaderTerm&quot;,&quot;primaryLineage&quot;,&quot;length&quot;]]"/>
        </con:parameters>
      </con:restRequest>
    </con:config>
  </con:testStep>
  <con:testStep type="restrequest" name="Model.json - Request 3" id="d8b97882-71f2-40e7-b8dd-f39091a14030">
    <con:settings/>
    <con:config service="https://www.bestbuy.com" resourcePath="/api/tcfb/model.json" methodName="Model.json" xsi:type="con:RestRequestStep" xmlns:xsi="http://www.w3.org/2001/XMLSchema-instance">
      <con:restRequest name="Model.json - Request 3" id="c1dd4e97-85f5-4e80-bffa-591904051df3" mediaType="application/json">
        <con:settings>
          <con:setting id="com.eviware.soapui.impl.wsdl.WsdlRequest@request-headers"><![CDATA[<xml-fragment xmlns:con="http://eviware.com/soapui/config">
  <con:entry key="Accept-Charset" value="ISO-8859-1,utf-8;q=0.7,*;q=0.7"/>
  <con:entry key="Accept" value="*/*"/>
  <con:entry key="User-Agent" value="Mozilla/5.0 (Windows NT 10.0; Win64; x64) AppleWebKit/609.1 (KHTML, like Gecko) JavaFX/15 Safari/609.1"/>
  <con:entry key="Referer" value="https://www.bestbuy.com/"/>
  <con:entry key="Accept-Encoding" value="gzip"/>
  <con:entry key="Accept-Language" value="en-us;q=0.8,en;q=0.7"/>
</xml-fragment>]]></con:setting>
        </con:settings>
        <con:endpoint>https://www.bestbuy.com</con:endpoint>
        <con:request/>
        <con:originalUri>https://www.bestbuy.com/api/tcfb/model.json</con:originalUri>
        <con:credentials>
          <con:selectedAuthProfile>No Authorization</con:selectedAuthProfile>
          <con:authType>No Authorization</con:authType>
        </con:credentials>
        <con:parameters>
          <con:entry key="method" value="get"/>
          <con:entry key="paths" value="[[&quot;shop&quot;,&quot;calligator&quot;,&quot;v1&quot;,&quot;flattened&quot;,&quot;hierarchy&quot;,&quot;categoryIds&quot;,&quot;cat00000&quot;,&quot;broaderTerm&quot;,&quot;primaryLineage&quot;,{&quot;from&quot;:0,&quot;to&quot;:10},&quot;id&quot;]]"/>
        </con:parameters>
      </con:restRequest>
    </con:config>
  </con:testStep>
  <con:testStep type="restrequest" name="Pub - Request 1" id="f60c0503-54a6-4d17-a42d-05d65559c01d">
    <con:settings/>
    <con:config service="https://pixel.adsafeprotected.com" resourcePath="/services/pub" methodName="Pub" xsi:type="con:RestRequestStep" xmlns:xsi="http://www.w3.org/2001/XMLSchema-instance">
      <con:restRequest name="Pub - Request 1" id="57c805b0-bd06-4673-b23f-eb0c45692933" mediaType="application/json">
        <con:settings>
          <con:setting id="com.eviware.soapui.impl.wsdl.WsdlRequest@request-headers"><![CDATA[<xml-fragment xmlns:con="http://eviware.com/soapui/config">
  <con:entry key="Origin" value="https://www.bestbuy.com"/>
  <con:entry key="Accept-Charset" value="ISO-8859-1,utf-8;q=0.7,*;q=0.7"/>
  <con:entry key="Accept" value="*/*"/>
  <con:entry key="User-Agent" value="Mozilla/5.0 (Windows NT 10.0; Win64; x64) AppleWebKit/609.1 (KHTML, like Gecko) JavaFX/15 Safari/609.1"/>
  <con:entry key="Referer" value="https://www.bestbuy.com/"/>
  <con:entry key="Accept-Encoding" value="gzip"/>
  <con:entry key="Accept-Language" value="en-us;q=0.8,en;q=0.7"/>
</xml-fragment>]]></con:setting>
        </con:settings>
        <con:endpoint>https://pixel.adsafeprotected.com</con:endpoint>
        <con:request/>
        <con:originalUri>https://pixel.adsafeprotected.com/services/pub</con:originalUri>
        <con:credentials>
          <con:selectedAuthProfile>No Authorization</con:selectedAuthProfile>
          <con:authType>No Authorization</con:authType>
        </con:credentials>
        <con:parameters>
          <con:entry key="Origin" value="https://www.bestbuy.com"/>
          <con:entry key="anId" value="931017"/>
          <con:entry key="slot" value="{id:gpt-shop-display-ad-58910cf0-1b3e-460b-a8f6-f7b9bd31ee4b,ss:[728.90],p:/6011/BestBuyDesktopWeb/best_buy,t:display}"/>
          <con:entry key="wr" value="1532.661"/>
          <con:entry key="sessionId" value="e0716691-3c73-017d-081b-92c77668fd3f"/>
          <con:entry key="url" value="https%3A%2F%2Fwww.bestbuy.com%2F"/>
          <con:entry key="sr" value="1920.1080"/>
        </con:parameters>
        <con:parameterOrder>
          <con:entry>anId</con:entry>
          <con:entry>slot</con:entry>
          <con:entry>wr</con:entry>
          <con:entry>sr</con:entry>
          <con:entry>sessionId</con:entry>
          <con:entry>url</con:entry>
          <con:entry>Origin</con:entry>
        </con:parameterOrder>
      </con:restRequest>
    </con:config>
  </con:testStep>
  <con:testStep type="restrequest" name="Exptsync - Request 1" id="227d21cf-bb0f-4478-875e-f00520b3c59e">
    <con:settings/>
    <con:config service="https://ads.yieldmo.com" resourcePath="/exptsync" methodName="Exptsync" xsi:type="con:RestRequestStep" xmlns:xsi="http://www.w3.org/2001/XMLSchema-instance">
      <con:restRequest name="Exptsync - Request 1" id="4ed47838-a04d-429f-914c-19508ae32ed5" mediaType="application/json">
        <con:settings>
          <con:setting id="com.eviware.soapui.impl.wsdl.WsdlRequest@request-headers"><![CDATA[<xml-fragment xmlns:con="http://eviware.com/soapui/config">
  <con:entry key="Accept-Charset" value="ISO-8859-1,utf-8;q=0.7,*;q=0.7"/>
  <con:entry key="Accept" value="image/png,image/svg+xml,image/*;q=0.8,*/*;q=0.5"/>
  <con:entry key="User-Agent" value="Mozilla/5.0 (Windows NT 10.0; Win64; x64) AppleWebKit/609.1 (KHTML, like Gecko) JavaFX/15 Safari/609.1"/>
  <con:entry key="Referer" value="https://pagead2.googlesyndication.com/pagead/s/cookie_push_onload.html"/>
  <con:entry key="Accept-Encoding" value="gzip"/>
  <con:entry key="Accept-Language" value="en-us;q=0.8,en;q=0.7"/>
</xml-fragment>]]></con:setting>
        </con:settings>
        <con:endpoint>https://ads.yieldmo.com</con:endpoint>
        <con:request/>
        <con:originalUri>https://ads.yieldmo.com/exptsync</con:originalUri>
        <con:credentials>
          <con:selectedAuthProfile>No Authorization</con:selectedAuthProfile>
          <con:authType>No Authorization</con:authType>
        </con:credentials>
        <con:parameters>
          <con:entry key="google_cver" value="1"/>
          <con:entry key="google_gid" value="CAESEEIL0mcrw41Cu6QPOdVGCSM"/>
          <con:entry key="google_push" value="AQvitUJbNRkYgyW2ahizW6z_kOIpdG4350lUafHe_MuRqG9bR8UViSPFEWrwLtJCxJir73a_9uusOmkLDFehEvgegF8Sz4Izi0_y"/>
        </con:parameters>
        <con:parameterOrder>
          <con:entry>google_gid</con:entry>
          <con:entry>google_cver</con:entry>
          <con:entry>google_push</con:entry>
        </con:parameterOrder>
      </con:restRequest>
    </con:config>
  </con:testStep>
  <con:properties/>
  <con:reportParameters/>
</con:testCase>
